<?xml version="1.0" encoding="UTF-8"?>
<!-- Generated by org.testng.reporters.JUnitReportReporter -->
<testsuite name="com.dyt.ors.regression.AdminProducts" tests="1" time="123.908" ignored="2" failures="0" timestamp="13 Jul 2020 12:15:38 GMT" skipped="0" hostname="LENOVO-PC" errors="0">
  <testcase name="TC03_subCategoryWithoutMandatories" time="123.908" classname="com.dyt.ors.regression.AdminProducts"/>
  <testcase name="TC01_addMainCategory" classname="com.dyt.ors.regression.AdminProducts">
    <skipped/>
  </testcase> <!-- TC01_addMainCategory -->
  <testcase name="TC02_subCategory" classname="com.dyt.ors.regression.AdminProducts">
    <skipped/>
  </testcase> <!-- TC02_subCategory -->
</testsuite> <!-- com.dyt.ors.regression.AdminProducts -->
