<?xml version="1.0" encoding="UTF-8"?>
<!-- Generated by org.testng.reporters.JUnitReportReporter -->
<testsuite name="com.dyt.ors.smoke.SmokeTestCases" tests="1" time="100.619" ignored="6" failures="0" timestamp="09 Jul 2020 13:37:34 GMT" skipped="0" hostname="LENOVO-PC" errors="0">
  <testcase name="TC002_addSubCategory" time="100.619" classname="com.dyt.ors.smoke.SmokeTestCases"/>
  <testcase name="TC001_homeVerifyPage" classname="com.dyt.ors.smoke.SmokeTestCases">
    <skipped/>
  </testcase> <!-- TC001_homeVerifyPage -->
  <testcase name="TC003_addProducts" classname="com.dyt.ors.smoke.SmokeTestCases">
    <skipped/>
  </testcase> <!-- TC003_addProducts -->
  <testcase name="TC005_editSubCategories" classname="com.dyt.ors.smoke.SmokeTestCases">
    <skipped/>
  </testcase> <!-- TC005_editSubCategories -->
  <testcase name="TC004_editMainCategories" classname="com.dyt.ors.smoke.SmokeTestCases">
    <skipped/>
  </testcase> <!-- TC004_editMainCategories -->
  <testcase name="TC002_SearchProducts" classname="com.dyt.ors.smoke.SmokeTestCases">
    <skipped/>
  </testcase> <!-- TC002_SearchProducts -->
  <testcase name="TC001_addMainCategory" classname="com.dyt.ors.smoke.SmokeTestCases">
    <skipped/>
  </testcase> <!-- TC001_addMainCategory -->
</testsuite> <!-- com.dyt.ors.smoke.SmokeTestCases -->
